<?xml version="1.0" encoding="UTF-8"?>
<robot generator="Robot 4.1.3 (Python 3.10.2 on win32)" generated="20220316 12:26:59.537" rpa="false" schemaversion="2">
<suite id="s1" name="Tests" source="C:\Users\joaki\OneDrive\Skrivbord\Mjukvarutestare\Automatiserad Testning\JenkinsLabb\JenkinsLab\Tests">
<suite id="s1-s1" name="Webtest" source="C:\Users\joaki\OneDrive\Skrivbord\Mjukvarutestare\Automatiserad Testning\JenkinsLabb\JenkinsLab\Tests\webtest.robot">
<kw name="Begin Web Test" library="keywords" type="SETUP">
<kw name="Open Browser" library="SeleniumLibrary">
<arg>about:blank</arg>
<arg>${BROWSER}</arg>
<doc>Opens a new browser instance to the optional ``url``.</doc>
<msg timestamp="20220316 12:26:59.775" level="INFO">Opening browser 'headlesschrome' to base url 'about:blank'.</msg>
<status status="PASS" starttime="20220316 12:26:59.775" endtime="20220316 12:27:01.145"/>
</kw>
<kw name="Go To Web Page" library="keywords">
<kw name="Load Page" library="keywords">
<kw name="Go To" library="SeleniumLibrary">
<arg>${URL}</arg>
<doc>Navigates the current browser window to the provided ``url``.</doc>
<msg timestamp="20220316 12:27:01.146" level="INFO">Opening url 'http://rental3.infotiv.net/'</msg>
<status status="PASS" starttime="20220316 12:27:01.146" endtime="20220316 12:27:01.254"/>
</kw>
<status status="PASS" starttime="20220316 12:27:01.146" endtime="20220316 12:27:01.254"/>
</kw>
<kw name="Verify Page Loaded" library="keywords">
<kw name="Wait Until Page Contains" library="SeleniumLibrary">
<arg>When do you want to make your trip?</arg>
<doc>Waits until ``text`` appears on the current page.</doc>
<status status="PASS" starttime="20220316 12:27:01.254" endtime="20220316 12:27:01.263"/>
</kw>
<status status="PASS" starttime="20220316 12:27:01.254" endtime="20220316 12:27:01.263"/>
</kw>
<status status="PASS" starttime="20220316 12:27:01.145" endtime="20220316 12:27:01.263"/>
</kw>
<kw name="Maximize Browser Window" library="SeleniumLibrary">
<doc>Maximizes current browser window.</doc>
<status status="PASS" starttime="20220316 12:27:01.263" endtime="20220316 12:27:01.381"/>
</kw>
<status status="PASS" starttime="20220316 12:26:59.775" endtime="20220316 12:27:01.382"/>
</kw>
<test id="s1-s1-t1" name="User Can Cancel Creating a User">
<kw name="Go To Create User" library="keywords">
<kw name="Click Button" library="SeleniumLibrary">
<arg>//*[@id="createUser"]</arg>
<doc>Clicks the button identified by ``locator``.</doc>
<msg timestamp="20220316 12:27:01.386" level="INFO">Clicking button '//*[@id="createUser"]'.</msg>
<status status="PASS" starttime="20220316 12:27:01.385" endtime="20220316 12:27:01.483"/>
</kw>
<kw name="Verify Create User Loaded" library="keywords">
<kw name="Wait Until Page Contains" library="SeleniumLibrary">
<arg>Create a new user</arg>
<doc>Waits until ``text`` appears on the current page.</doc>
<status status="PASS" starttime="20220316 12:27:01.484" endtime="20220316 12:27:01.494"/>
</kw>
<status status="PASS" starttime="20220316 12:27:01.484" endtime="20220316 12:27:01.494"/>
</kw>
<status status="PASS" starttime="20220316 12:27:01.384" endtime="20220316 12:27:01.494"/>
</kw>
<kw name="Cancel Creating User" library="keywords">
<kw name="Click Button" library="SeleniumLibrary">
<arg>//*[@id="cancel"]</arg>
<doc>Clicks the button identified by ``locator``.</doc>
<msg timestamp="20220316 12:27:01.495" level="INFO">Clicking button '//*[@id="cancel"]'.</msg>
<status status="PASS" starttime="20220316 12:27:01.495" endtime="20220316 12:27:01.561"/>
</kw>
<kw name="Verify Cancel Creating User Loaded" library="keywords">
<kw name="Wait Until Page Contains" library="SeleniumLibrary">
<arg>When do you want to make your trip?</arg>
<doc>Waits until ``text`` appears on the current page.</doc>
<status status="PASS" starttime="20220316 12:27:01.562" endtime="20220316 12:27:01.568"/>
</kw>
<status status="PASS" starttime="20220316 12:27:01.562" endtime="20220316 12:27:01.568"/>
</kw>
<status status="PASS" starttime="20220316 12:27:01.494" endtime="20220316 12:27:01.568"/>
</kw>
<kw name="User Is At Date Selection" library="keywords">
<kw name="Click Element" library="SeleniumLibrary">
<arg>//*[@id="title"]</arg>
<doc>Click the element identified by ``locator``.</doc>
<msg timestamp="20220316 12:27:01.569" level="INFO">Clicking element '//*[@id="title"]'.</msg>
<status status="PASS" starttime="20220316 12:27:01.568" endtime="20220316 12:27:01.622"/>
</kw>
<kw name="Wait Until Page Contains" library="SeleniumLibrary">
<arg>When do you want to make your trip?</arg>
<doc>Waits until ``text`` appears on the current page.</doc>
<status status="PASS" starttime="20220316 12:27:01.622" endtime="20220316 12:27:01.629"/>
</kw>
<status status="PASS" starttime="20220316 12:27:01.568" endtime="20220316 12:27:01.629"/>
</kw>
<doc>Testing that user can cancel creating a user.</doc>
<tag>G_krav_1</tag>
<status status="PASS" starttime="20220316 12:27:01.382" endtime="20220316 12:27:01.630"/>
</test>
<test id="s1-s1-t2" name="User Need To Be Signed In To Book A Car">
<kw name="Go To Car Rental Page" library="keywords">
<kw name="Click Button" library="SeleniumLibrary">
<arg>//*[@id="continue"]</arg>
<doc>Clicks the button identified by ``locator``.</doc>
<msg timestamp="20220316 12:27:01.632" level="INFO">Clicking button '//*[@id="continue"]'.</msg>
<status status="PASS" starttime="20220316 12:27:01.631" endtime="20220316 12:27:01.811"/>
</kw>
<kw name="Wait Until Page Contains" library="SeleniumLibrary">
<arg>What would you like to drive?</arg>
<doc>Waits until ``text`` appears on the current page.</doc>
<status status="PASS" starttime="20220316 12:27:01.811" endtime="20220316 12:27:01.821"/>
</kw>
<status status="PASS" starttime="20220316 12:27:01.631" endtime="20220316 12:27:01.821"/>
</kw>
<kw name="Select Car Not Signed In" library="keywords">
<kw name="Click Button" library="SeleniumLibrary">
<arg>//*[@id="bookQ7pass5"]</arg>
<doc>Clicks the button identified by ``locator``.</doc>
<msg timestamp="20220316 12:27:01.822" level="INFO">Clicking button '//*[@id="bookQ7pass5"]'.</msg>
<status status="PASS" starttime="20220316 12:27:01.822" endtime="20220316 12:27:01.869"/>
</kw>
<status status="PASS" starttime="20220316 12:27:01.821" endtime="20220316 12:27:01.869"/>
</kw>
<kw name="Verify Alert Box Appears" library="keywords">
<kw name="Alert Should Be Present" library="SeleniumLibrary">
<doc>Verifies that an alert is present and by default, accepts it.</doc>
<msg timestamp="20220316 12:27:01.870" level="INFO">HANDLE::&lt;class 'NoneType'&gt;::None</msg>
<status status="PASS" starttime="20220316 12:27:01.870" endtime="20220316 12:27:01.872"/>
</kw>
<status status="PASS" starttime="20220316 12:27:01.870" endtime="20220316 12:27:01.872"/>
</kw>
<kw name="User Is At Date Selection" library="keywords">
<kw name="Click Element" library="SeleniumLibrary">
<arg>//*[@id="title"]</arg>
<doc>Click the element identified by ``locator``.</doc>
<msg timestamp="20220316 12:27:01.873" level="INFO">Clicking element '//*[@id="title"]'.</msg>
<status status="PASS" starttime="20220316 12:27:01.873" endtime="20220316 12:27:01.930"/>
</kw>
<kw name="Wait Until Page Contains" library="SeleniumLibrary">
<arg>When do you want to make your trip?</arg>
<doc>Waits until ``text`` appears on the current page.</doc>
<status status="PASS" starttime="20220316 12:27:01.930" endtime="20220316 12:27:01.937"/>
</kw>
<status status="PASS" starttime="20220316 12:27:01.873" endtime="20220316 12:27:01.937"/>
</kw>
<doc>Testing that an alert box will appear if user is not signed in when booking car.</doc>
<tag>G_krav_2</tag>
<status status="PASS" starttime="20220316 12:27:01.631" endtime="20220316 12:27:01.938"/>
</test>
<test id="s1-s1-t3" name="User Can Book A Car">
<kw name="Given User Is At Date Selection" library="keywords">
<kw name="Click Element" library="SeleniumLibrary">
<arg>//*[@id="title"]</arg>
<doc>Click the element identified by ``locator``.</doc>
<msg timestamp="20220316 12:27:01.939" level="INFO">Clicking element '//*[@id="title"]'.</msg>
<status status="PASS" starttime="20220316 12:27:01.939" endtime="20220316 12:27:01.992"/>
</kw>
<kw name="Wait Until Page Contains" library="SeleniumLibrary">
<arg>When do you want to make your trip?</arg>
<doc>Waits until ``text`` appears on the current page.</doc>
<status status="PASS" starttime="20220316 12:27:01.992" endtime="20220316 12:27:01.998"/>
</kw>
<status status="PASS" starttime="20220316 12:27:01.939" endtime="20220316 12:27:01.998"/>
</kw>
<kw name="And Sign Into User Account" library="keywords">
<kw name="Enter Account Information" library="keywords">
<kw name="Input Text" library="SeleniumLibrary">
<arg>//*[@id="email"]</arg>
<arg>${MAIL}</arg>
<doc>Types the given ``text`` into the text field identified by ``locator``.</doc>
<msg timestamp="20220316 12:27:01.999" level="INFO">Typing text 'hiroshi.teshigahara789@gmail.com' into text field '//*[@id="email"]'.</msg>
<status status="PASS" starttime="20220316 12:27:01.999" endtime="20220316 12:27:02.072"/>
</kw>
<kw name="Input Password" library="SeleniumLibrary">
<arg>//*[@id="password"]</arg>
<arg>${PASSWORD}</arg>
<doc>Types the given password into the text field identified by ``locator``.</doc>
<msg timestamp="20220316 12:27:02.072" level="INFO">Typing password into text field '//*[@id="password"]'.</msg>
<msg timestamp="20220316 12:27:02.101" level="INFO">Temporally setting log level to: NONE</msg>
<msg timestamp="20220316 12:27:02.125" level="INFO">Log level changed from NONE to INFO.</msg>
<status status="PASS" starttime="20220316 12:27:02.072" endtime="20220316 12:27:02.125"/>
</kw>
<status status="PASS" starttime="20220316 12:27:01.999" endtime="20220316 12:27:02.125"/>
</kw>
<kw name="Click Button" library="SeleniumLibrary">
<arg>//*[@id="login"]</arg>
<doc>Clicks the button identified by ``locator``.</doc>
<msg timestamp="20220316 12:27:02.126" level="INFO">Clicking button '//*[@id="login"]'.</msg>
<status status="PASS" starttime="20220316 12:27:02.125" endtime="20220316 12:27:02.302"/>
</kw>
<kw name="Wait Until Page Contains" library="SeleniumLibrary">
<arg>Logout</arg>
<doc>Waits until ``text`` appears on the current page.</doc>
<status status="PASS" starttime="20220316 12:27:02.302" endtime="20220316 12:27:02.314"/>
</kw>
<status status="PASS" starttime="20220316 12:27:01.998" endtime="20220316 12:27:02.315"/>
</kw>
<kw name="And Go To Car Rental Page" library="keywords">
<kw name="Click Button" library="SeleniumLibrary">
<arg>//*[@id="continue"]</arg>
<doc>Clicks the button identified by ``locator``.</doc>
<msg timestamp="20220316 12:27:02.316" level="INFO">Clicking button '//*[@id="continue"]'.</msg>
<status status="PASS" starttime="20220316 12:27:02.315" endtime="20220316 12:27:02.378"/>
</kw>
<kw name="Wait Until Page Contains" library="SeleniumLibrary">
<arg>What would you like to drive?</arg>
<doc>Waits until ``text`` appears on the current page.</doc>
<status status="PASS" starttime="20220316 12:27:02.378" endtime="20220316 12:27:02.429"/>
</kw>
<status status="PASS" starttime="20220316 12:27:02.315" endtime="20220316 12:27:02.429"/>
</kw>
<kw name="When User Books A Car" library="keywords">
<kw name="Scroll Element Into View" library="SeleniumLibrary">
<arg>//*[@id="carTable"]/tbody/tr[16]/td[1]</arg>
<doc>Scrolls the element identified by ``locator`` into view.</doc>
<status status="PASS" starttime="20220316 12:27:02.430" endtime="20220316 12:27:02.725"/>
</kw>
<kw name="Wait Until Page Contains" library="SeleniumLibrary">
<arg>Model X</arg>
<doc>Waits until ``text`` appears on the current page.</doc>
<status status="PASS" starttime="20220316 12:27:02.725" endtime="20220316 12:27:02.762"/>
</kw>
<kw name="Click Button" library="SeleniumLibrary">
<arg>//*[@id="bookModelXpass6"]</arg>
<doc>Clicks the button identified by ``locator``.</doc>
<msg timestamp="20220316 12:27:02.763" level="INFO">Clicking button '//*[@id="bookModelXpass6"]'.</msg>
<status status="PASS" starttime="20220316 12:27:02.762" endtime="20220316 12:27:02.849"/>
</kw>
<kw name="Wait Until Page Contains" library="SeleniumLibrary">
<arg>Confirm booking of Tesla Model X</arg>
<doc>Waits until ``text`` appears on the current page.</doc>
<status status="PASS" starttime="20220316 12:27:02.849" endtime="20220316 12:27:02.880"/>
</kw>
<status status="PASS" starttime="20220316 12:27:02.429" endtime="20220316 12:27:02.881"/>
</kw>
<kw name="And Enter Payment Information" library="keywords">
<kw name="Input Text" library="SeleniumLibrary">
<arg>//*[@id="cardNum"]</arg>
<arg>1234123412341234</arg>
<doc>Types the given ``text`` into the text field identified by ``locator``.</doc>
<msg timestamp="20220316 12:27:02.883" level="INFO">Typing text '1234123412341234' into text field '//*[@id="cardNum"]'.</msg>
<status status="PASS" starttime="20220316 12:27:02.882" endtime="20220316 12:27:02.946"/>
</kw>
<kw name="Input Text" library="SeleniumLibrary">
<arg>//*[@id="fullName"]</arg>
<arg>Hiroshi Teshigahara</arg>
<doc>Types the given ``text`` into the text field identified by ``locator``.</doc>
<msg timestamp="20220316 12:27:02.946" level="INFO">Typing text 'Hiroshi Teshigahara' into text field '//*[@id="fullName"]'.</msg>
<status status="PASS" starttime="20220316 12:27:02.946" endtime="20220316 12:27:03.003"/>
</kw>
<kw name="Input Text" library="SeleniumLibrary">
<arg>//*[@id="cvc"]</arg>
<arg>000</arg>
<doc>Types the given ``text`` into the text field identified by ``locator``.</doc>
<msg timestamp="20220316 12:27:03.004" level="INFO">Typing text '000' into text field '//*[@id="cvc"]'.</msg>
<status status="PASS" starttime="20220316 12:27:03.003" endtime="20220316 12:27:03.053"/>
</kw>
<kw name="Select From List By Index" library="SeleniumLibrary">
<arg>//*[@id="confirmSelection"]/form/select[1]</arg>
<arg>6</arg>
<doc>Selects options from selection list ``locator`` by ``indexes``.</doc>
<msg timestamp="20220316 12:27:03.053" level="INFO">Selecting options from selection list '//*[@id="confirmSelection"]/form/select[1]' by index 6.</msg>
<status status="PASS" starttime="20220316 12:27:03.053" endtime="20220316 12:27:03.134"/>
</kw>
<kw name="Select From List By Index" library="SeleniumLibrary">
<arg>//*[@id="confirmSelection"]/form/select[2]</arg>
<arg>6</arg>
<doc>Selects options from selection list ``locator`` by ``indexes``.</doc>
<msg timestamp="20220316 12:27:03.135" level="INFO">Selecting options from selection list '//*[@id="confirmSelection"]/form/select[2]' by index 6.</msg>
<status status="PASS" starttime="20220316 12:27:03.134" endtime="20220316 12:27:03.215"/>
</kw>
<kw name="Press Confirm To Book Car" library="keywords">
<kw name="Click Button" library="SeleniumLibrary">
<arg>//*[@id="confirm"]</arg>
<doc>Clicks the button identified by ``locator``.</doc>
<msg timestamp="20220316 12:27:03.216" level="INFO">Clicking button '//*[@id="confirm"]'.</msg>
<status status="PASS" starttime="20220316 12:27:03.215" endtime="20220316 12:27:03.281"/>
</kw>
<kw name="Wait Until Page Contains" library="SeleniumLibrary">
<arg>A Tesla Model X is now ready for pickup</arg>
<doc>Waits until ``text`` appears on the current page.</doc>
<status status="PASS" starttime="20220316 12:27:03.281" endtime="20220316 12:27:03.289"/>
</kw>
<status status="PASS" starttime="20220316 12:27:03.215" endtime="20220316 12:27:03.290"/>
</kw>
<status status="PASS" starttime="20220316 12:27:02.882" endtime="20220316 12:27:03.290"/>
</kw>
<kw name="Then User Gets Confirmation The Car Is Booked" library="keywords">
<kw name="Wait Until Page Contains" library="SeleniumLibrary">
<arg>A Tesla Model X is now ready for pickup</arg>
<doc>Waits until ``text`` appears on the current page.</doc>
<status status="PASS" starttime="20220316 12:27:03.290" endtime="20220316 12:27:03.295"/>
</kw>
<kw name="Wait Until Page Contains" library="SeleniumLibrary">
<arg>You can view your booking on your page</arg>
<doc>Waits until ``text`` appears on the current page.</doc>
<status status="PASS" starttime="20220316 12:27:03.295" endtime="20220316 12:27:03.303"/>
</kw>
<status status="PASS" starttime="20220316 12:27:03.290" endtime="20220316 12:27:03.304"/>
</kw>
<doc>Testing that a user can book a car.</doc>
<tag>VG_test</tag>
<status status="PASS" starttime="20220316 12:27:01.938" endtime="20220316 12:27:03.304"/>
</test>
<kw name="End Web Test" library="keywords" type="TEARDOWN">
<kw name="Close Browser" library="SeleniumLibrary">
<doc>Closes the current browser.</doc>
<status status="PASS" starttime="20220316 12:27:03.305" endtime="20220316 12:27:05.529"/>
</kw>
<status status="PASS" starttime="20220316 12:27:03.305" endtime="20220316 12:27:05.530"/>
</kw>
<doc>Testing Infotiv Car Rental Page</doc>
<status status="PASS" starttime="20220316 12:26:59.564" endtime="20220316 12:27:05.530"/>
</suite>
<status status="PASS" starttime="20220316 12:26:59.538" endtime="20220316 12:27:05.535"/>
</suite>
<statistics>
<total>
<stat pass="3" fail="0" skip="0">All Tests</stat>
</total>
<tag>
<stat pass="1" fail="0" skip="0">G_krav_1</stat>
<stat pass="1" fail="0" skip="0">G_krav_2</stat>
<stat pass="1" fail="0" skip="0">VG_test</stat>
</tag>
<suite>
<stat pass="3" fail="0" skip="0" id="s1" name="Tests">Tests</stat>
<stat pass="3" fail="0" skip="0" id="s1-s1" name="Webtest">Tests.Webtest</stat>
</suite>
</statistics>
<errors>
</errors>
</robot>
